<?xml version="1.0" ?>
<coverage branch-rate="0" branches-covered="0" branches-valid="0" complexity="0" line-rate="0.9333" lines-covered="14" lines-valid="15" timestamp="1618208232707" version="4.5.4">
	<!-- Generated by coverage.py: https://coverage.readthedocs.io -->
	<!-- Based on https://raw.githubusercontent.com/cobertura/web/master/htdocs/xml/coverage-04.dtd -->
	<sources>
		<source>/home/fm-pc-lt-64/Documents/Fusemachines/pytest_create_script/eai</source>
	</sources>
	<packages>
		<package branch-rate="0" complexity="0" line-rate="0.8" name=".">
			<classes>
				<class branch-rate="0" complexity="0" filename="__init__.py" line-rate="1" name="__init__.py">
					<methods/>
					<lines/>
				</class>
				<class branch-rate="0" complexity="0" filename="dummy_test-test.py" line-rate="1" name="dummy_test-test.py">
					<methods/>
					<lines>
						<line hits="1" number="1"/>
						<line hits="1" number="4"/>
						<line hits="1" number="5"/>
					</lines>
				</class>
				<class branch-rate="0" complexity="0" filename="dummy_test.py" line-rate="0.5" name="dummy_test.py">
					<methods/>
					<lines>
						<line hits="1" number="1"/>
						<line hits="0" number="2"/>
					</lines>
				</class>
			</classes>
		</package>
		<package branch-rate="0" complexity="0" line-rate="1" name=".pytest_cache">
			<classes>
				<class branch-rate="0" complexity="0" filename=".pytest_cache/__init__.py" line-rate="1" name="__init__.py">
					<methods/>
					<lines/>
				</class>
			</classes>
		</package>
		<package branch-rate="0" complexity="0" line-rate="1" name=".pytest_cache.v">
			<classes>
				<class branch-rate="0" complexity="0" filename=".pytest_cache/v/__init__.py" line-rate="1" name="__init__.py">
					<methods/>
					<lines/>
				</class>
			</classes>
		</package>
		<package branch-rate="0" complexity="0" line-rate="1" name=".pytest_cache.v.cache">
			<classes>
				<class branch-rate="0" complexity="0" filename=".pytest_cache/v/cache/__init__.py" line-rate="1" name="__init__.py">
					<methods/>
					<lines/>
				</class>
			</classes>
		</package>
		<package branch-rate="0" complexity="0" line-rate="1" name="__pycache__">
			<classes>
				<class branch-rate="0" complexity="0" filename="__pycache__/__init__.py" line-rate="1" name="__init__.py">
					<methods/>
					<lines/>
				</class>
			</classes>
		</package>
		<package branch-rate="0" complexity="0" line-rate="1" name="drug">
			<classes>
				<class branch-rate="0" complexity="0" filename="drug/__init__.py" line-rate="1" name="__init__.py">
					<methods/>
					<lines/>
				</class>
				<class branch-rate="0" complexity="0" filename="drug/drug-test.py" line-rate="1" name="drug-test.py">
					<methods/>
					<lines>
						<line hits="1" number="1"/>
						<line hits="1" number="4"/>
						<line hits="1" number="5"/>
					</lines>
				</class>
				<class branch-rate="0" complexity="0" filename="drug/drug.py" line-rate="1" name="drug.py">
					<methods/>
					<lines/>
				</class>
			</classes>
		</package>
		<package branch-rate="0" complexity="0" line-rate="1" name="drug.__pycache__">
			<classes>
				<class branch-rate="0" complexity="0" filename="drug/__pycache__/__init__.py" line-rate="1" name="__init__.py">
					<methods/>
					<lines/>
				</class>
			</classes>
		</package>
		<package branch-rate="0" complexity="0" line-rate="1" name="drug.drug1">
			<classes>
				<class branch-rate="0" complexity="0" filename="drug/drug1/__init__.py" line-rate="1" name="__init__.py">
					<methods/>
					<lines/>
				</class>
				<class branch-rate="0" complexity="0" filename="drug/drug1/drug1-test.py" line-rate="1" name="drug1-test.py">
					<methods/>
					<lines>
						<line hits="1" number="1"/>
						<line hits="1" number="4"/>
						<line hits="1" number="5"/>
					</lines>
				</class>
				<class branch-rate="0" complexity="0" filename="drug/drug1/drug1.py" line-rate="1" name="drug1.py">
					<methods/>
					<lines>
						<line hits="1" number="1"/>
					</lines>
				</class>
				<class branch-rate="0" complexity="0" filename="drug/drug1/druger-test.py" line-rate="1" name="druger-test.py">
					<methods/>
					<lines>
						<line hits="1" number="1"/>
						<line hits="1" number="4"/>
						<line hits="1" number="5"/>
					</lines>
				</class>
				<class branch-rate="0" complexity="0" filename="drug/drug1/druger.py" line-rate="1" name="druger.py">
					<methods/>
					<lines/>
				</class>
			</classes>
		</package>
		<package branch-rate="0" complexity="0" line-rate="1" name="drug.drug1.__pycache__">
			<classes>
				<class branch-rate="0" complexity="0" filename="drug/drug1/__pycache__/__init__.py" line-rate="1" name="__init__.py">
					<methods/>
					<lines/>
				</class>
			</classes>
		</package>
	</packages>
</coverage>
